{"C:\\Users\\RUBSAN\\source\\repos\\app-wumpus\\src\\app\\app.component.html": {"path":"C:\\Users\\RUBSAN\\source\\repos\\app-wumpus\\src\\app\\app.component.html","statementMap":{"0":{"start":{"line":1,"column":0},"end":{"line":1,"column":52}}},"fnMap":{},"branchMap":{},"s":{"0":1},"f":{},"b":{},"inputSourceMap":null,"_coverageSchema":"1a1c01bbd47fc00a2c39e90264f33305004495a9","hash":"9e2bd24888e7d12bf64b52f870e523e2f99e34f6"}
,"C:\\Users\\RUBSAN\\source\\repos\\app-wumpus\\src\\app\\app.component.ts": {"path":"C:\\Users\\RUBSAN\\source\\repos\\app-wumpus\\src\\app\\app.component.ts","statementMap":{"0":{"start":{"line":1,"column":0},"end":{"line":1,"column":42}},"1":{"start":{"line":8,"column":0},"end":{"line":10,"column":null}},"2":{"start":{"line":9,"column":2},"end":{"line":9,"column":23}},"3":{"start":{"line":8,"column":13},"end":{"line":10,"column":null}},"4":{"start":{"line":8,"column":13},"end":{"line":8,"column":25}}},"fnMap":{"0":{"name":"(anonymous_0)","decl":{"start":{"line":8,"column":0},"end":{"line":8,"column":13}},"loc":{"start":{"line":8,"column":0},"end":{"line":10,"column":1}}}},"branchMap":{},"s":{"0":1,"1":1,"2":1,"3":1,"4":1},"f":{"0":1},"b":{}}
,"C:\\Users\\RUBSAN\\source\\repos\\app-wumpus\\src\\app\\cells.ts": {"path":"C:\\Users\\RUBSAN\\source\\repos\\app-wumpus\\src\\app\\cells.ts","statementMap":{"0":{"start":{"line":1,"column":13},"end":{"line":8,"column":null}}},"fnMap":{},"branchMap":{},"s":{"0":7},"f":{},"b":{}}
,"C:\\Users\\RUBSAN\\source\\repos\\app-wumpus\\src\\app\\game.service.ts": {"path":"C:\\Users\\RUBSAN\\source\\repos\\app-wumpus\\src\\app\\game.service.ts","statementMap":{"0":{"start":{"line":1,"column":0},"end":{"line":1,"column":43}},"1":{"start":{"line":2,"column":0},"end":{"line":2,"column":39}},"2":{"start":{"line":4,"column":0},"end":{"line":4,"column":32}},"3":{"start":{"line":5,"column":0},"end":{"line":5,"column":51}},"4":{"start":{"line":6,"column":0},"end":{"line":6,"column":31}},"5":{"start":{"line":12,"column":0},"end":{"line":273,"column":null}},"6":{"start":{"line":38,"column":22},"end":{"line":38,"column":38}},"7":{"start":{"line":15,"column":10},"end":{"line":15,"column":33}},"8":{"start":{"line":17,"column":10},"end":{"line":17,"column":25}},"9":{"start":{"line":18,"column":10},"end":{"line":18,"column":25}},"10":{"start":{"line":19,"column":10},"end":{"line":19,"column":25}},"11":{"start":{"line":20,"column":10},"end":{"line":20,"column":25}},"12":{"start":{"line":21,"column":10},"end":{"line":21,"column":29}},"13":{"start":{"line":23,"column":2},"end":{"line":23,"column":12}},"14":{"start":{"line":24,"column":2},"end":{"line":24,"column":12}},"15":{"start":{"line":25,"column":2},"end":{"line":25,"column":13}},"16":{"start":{"line":27,"column":2},"end":{"line":27,"column":12}},"17":{"start":{"line":28,"column":2},"end":{"line":28,"column":17}},"18":{"start":{"line":30,"column":2},"end":{"line":30,"column":17}},"19":{"start":{"line":31,"column":2},"end":{"line":31,"column":16}},"20":{"start":{"line":32,"column":2},"end":{"line":32,"column":17}},"21":{"start":{"line":33,"column":2},"end":{"line":33,"column":20}},"22":{"start":{"line":34,"column":2},"end":{"line":34,"column":43}},"23":{"start":{"line":35,"column":2},"end":{"line":35,"column":63}},"24":{"start":{"line":36,"column":2},"end":{"line":36,"column":null}},"25":{"start":{"line":45,"column":4},"end":{"line":45,"column":24}},"26":{"start":{"line":46,"column":4},"end":{"line":46,"column":23}},"27":{"start":{"line":47,"column":4},"end":{"line":47,"column":24}},"28":{"start":{"line":48,"column":4},"end":{"line":48,"column":27}},"29":{"start":{"line":49,"column":4},"end":{"line":49,"column":19}},"30":{"start":{"line":50,"column":4},"end":{"line":50,"column":34}},"31":{"start":{"line":52,"column":4},"end":{"line":52,"column":32}},"32":{"start":{"line":53,"column":4},"end":{"line":53,"column":34}},"33":{"start":{"line":55,"column":4},"end":{"line":55,"column":25}},"34":{"start":{"line":56,"column":4},"end":{"line":56,"column":22}},"35":{"start":{"line":57,"column":4},"end":{"line":57,"column":30}},"36":{"start":{"line":58,"column":4},"end":{"line":58,"column":32}},"37":{"start":{"line":59,"column":4},"end":{"line":59,"column":31}},"38":{"start":{"line":60,"column":4},"end":{"line":60,"column":61}},"39":{"start":{"line":66,"column":17},"end":{"line":66,"column":19}},"40":{"start":{"line":67,"column":4},"end":{"line":73,"column":null}},"41":{"start":{"line":67,"column":17},"end":{"line":67,"column":18}},"42":{"start":{"line":68,"column":18},"end":{"line":68,"column":20}},"43":{"start":{"line":69,"column":6},"end":{"line":71,"column":null}},"44":{"start":{"line":69,"column":19},"end":{"line":69,"column":20}},"45":{"start":{"line":70,"column":8},"end":{"line":70,"column":30}},"46":{"start":{"line":72,"column":6},"end":{"line":72,"column":21}},"47":{"start":{"line":74,"column":4},"end":{"line":74,"column":22}},"48":{"start":{"line":79,"column":4},"end":{"line":79,"column":23}},"49":{"start":{"line":82,"column":4},"end":{"line":82,"column":23}},"50":{"start":{"line":85,"column":4},"end":{"line":85,"column":25}},"51":{"start":{"line":89,"column":4},"end":{"line":89,"column":22}},"52":{"start":{"line":92,"column":4},"end":{"line":92,"column":22}},"53":{"start":{"line":95,"column":4},"end":{"line":95,"column":23}},"54":{"start":{"line":99,"column":4},"end":{"line":99,"column":49}},"55":{"start":{"line":100,"column":4},"end":{"line":100,"column":37}},"56":{"start":{"line":101,"column":4},"end":{"line":101,"column":24}},"57":{"start":{"line":102,"column":4},"end":{"line":102,"column":34}},"58":{"start":{"line":103,"column":4},"end":{"line":103,"column":28}},"59":{"start":{"line":107,"column":4},"end":{"line":107,"column":31}},"60":{"start":{"line":108,"column":4},"end":{"line":110,"column":null}},"61":{"start":{"line":109,"column":6},"end":{"line":109,"column":33}},"62":{"start":{"line":111,"column":4},"end":{"line":111,"column":46}},"63":{"start":{"line":115,"column":4},"end":{"line":115,"column":31}},"64":{"start":{"line":116,"column":4},"end":{"line":118,"column":null}},"65":{"start":{"line":117,"column":6},"end":{"line":117,"column":33}},"66":{"start":{"line":119,"column":4},"end":{"line":119,"column":48}},"67":{"start":{"line":120,"column":4},"end":{"line":120,"column":30}},"68":{"start":{"line":121,"column":4},"end":{"line":121,"column":30}},"69":{"start":{"line":127,"column":4},"end":{"line":133,"column":null}},"70":{"start":{"line":127,"column":17},"end":{"line":127,"column":18}},"71":{"start":{"line":128,"column":6},"end":{"line":128,"column":33}},"72":{"start":{"line":129,"column":6},"end":{"line":131,"column":null}},"73":{"start":{"line":130,"column":8},"end":{"line":130,"column":35}},"74":{"start":{"line":132,"column":6},"end":{"line":132,"column":48}},"75":{"start":{"line":137,"column":4},"end":{"line":137,"column":102}},"76":{"start":{"line":141,"column":4},"end":{"line":141,"column":61}},"77":{"start":{"line":145,"column":4},"end":{"line":154,"column":null}},"78":{"start":{"line":146,"column":6},"end":{"line":146,"column":19}},"79":{"start":{"line":147,"column":6},"end":{"line":152,"column":null}},"80":{"start":{"line":148,"column":16},"end":{"line":148,"column":64}},"81":{"start":{"line":148,"column":65},"end":{"line":148,"column":71}},"82":{"start":{"line":149,"column":17},"end":{"line":149,"column":65}},"83":{"start":{"line":149,"column":66},"end":{"line":149,"column":72}},"84":{"start":{"line":150,"column":18},"end":{"line":150,"column":66}},"85":{"start":{"line":150,"column":67},"end":{"line":150,"column":73}},"86":{"start":{"line":151,"column":18},"end":{"line":151,"column":66}},"87":{"start":{"line":151,"column":67},"end":{"line":151,"column":73}},"88":{"start":{"line":153,"column":6},"end":{"line":153,"column":63}},"89":{"start":{"line":159,"column":4},"end":{"line":162,"column":null}},"90":{"start":{"line":160,"column":6},"end":{"line":160,"column":56}},"91":{"start":{"line":161,"column":6},"end":{"line":161,"column":17}},"92":{"start":{"line":164,"column":4},"end":{"line":177,"column":null}},"93":{"start":{"line":165,"column":6},"end":{"line":167,"column":null}},"94":{"start":{"line":166,"column":8},"end":{"line":166,"column":24}},"95":{"start":{"line":168,"column":6},"end":{"line":172,"column":null}},"96":{"start":{"line":169,"column":8},"end":{"line":169,"column":30}},"97":{"start":{"line":170,"column":8},"end":{"line":170,"column":35}},"98":{"start":{"line":171,"column":8},"end":{"line":171,"column":46}},"99":{"start":{"line":173,"column":6},"end":{"line":173,"column":64}},"100":{"start":{"line":174,"column":6},"end":{"line":174,"column":56}},"101":{"start":{"line":175,"column":6},"end":{"line":175,"column":26}},"102":{"start":{"line":176,"column":6},"end":{"line":176,"column":26}},"103":{"start":{"line":183,"column":4},"end":{"line":190,"column":null}},"104":{"start":{"line":184,"column":6},"end":{"line":188,"column":null}},"105":{"start":{"line":185,"column":8},"end":{"line":185,"column":34}},"106":{"start":{"line":187,"column":8},"end":{"line":187,"column":34}},"107":{"start":{"line":189,"column":6},"end":{"line":189,"column":28}},"108":{"start":{"line":194,"column":4},"end":{"line":201,"column":null}},"109":{"start":{"line":195,"column":6},"end":{"line":199,"column":null}},"110":{"start":{"line":196,"column":8},"end":{"line":196,"column":34}},"111":{"start":{"line":198,"column":8},"end":{"line":198,"column":32}},"112":{"start":{"line":200,"column":6},"end":{"line":200,"column":28}},"113":{"start":{"line":205,"column":4},"end":{"line":225,"column":null}},"114":{"start":{"line":206,"column":6},"end":{"line":224,"column":null}},"115":{"start":{"line":207,"column":8},"end":{"line":207,"column":29}},"116":{"start":{"line":208,"column":8},"end":{"line":213,"column":null}},"117":{"start":{"line":209,"column":18},"end":{"line":209,"column":118}},"118":{"start":{"line":209,"column":97},"end":{"line":209,"column":117}},"119":{"start":{"line":209,"column":119},"end":{"line":209,"column":125}},"120":{"start":{"line":210,"column":19},"end":{"line":210,"column":119}},"121":{"start":{"line":210,"column":98},"end":{"line":210,"column":118}},"122":{"start":{"line":210,"column":120},"end":{"line":210,"column":126}},"123":{"start":{"line":211,"column":20},"end":{"line":211,"column":120}},"124":{"start":{"line":211,"column":99},"end":{"line":211,"column":119}},"125":{"start":{"line":211,"column":121},"end":{"line":211,"column":127}},"126":{"start":{"line":212,"column":20},"end":{"line":212,"column":120}},"127":{"start":{"line":212,"column":99},"end":{"line":212,"column":119}},"128":{"start":{"line":212,"column":121},"end":{"line":212,"column":127}},"129":{"start":{"line":214,"column":8},"end":{"line":221,"column":null}},"130":{"start":{"line":215,"column":10},"end":{"line":215,"column":70}},"131":{"start":{"line":216,"column":10},"end":{"line":216,"column":65}},"132":{"start":{"line":217,"column":10},"end":{"line":217,"column":31}},"133":{"start":{"line":218,"column":10},"end":{"line":218,"column":31}},"134":{"start":{"line":220,"column":10},"end":{"line":220,"column":65}},"135":{"start":{"line":223,"column":8},"end":{"line":223,"column":51}},"136":{"start":{"line":229,"column":4},"end":{"line":229,"column":22}},"137":{"start":{"line":234,"column":4},"end":{"line":234,"column":82}},"138":{"start":{"line":238,"column":4},"end":{"line":244,"column":null}},"139":{"start":{"line":239,"column":6},"end":{"line":243,"column":null}},"140":{"start":{"line":240,"column":23},"end":{"line":240,"column":65}},"141":{"start":{"line":240,"column":66},"end":{"line":240,"column":72}},"142":{"start":{"line":241,"column":21},"end":{"line":241,"column":61}},"143":{"start":{"line":241,"column":62},"end":{"line":241,"column":68}},"144":{"start":{"line":242,"column":21},"end":{"line":242,"column":61}},"145":{"start":{"line":242,"column":62},"end":{"line":242,"column":68}},"146":{"start":{"line":248,"column":4},"end":{"line":249,"column":49}},"147":{"start":{"line":249,"column":6},"end":{"line":249,"column":49}},"148":{"start":{"line":250,"column":4},"end":{"line":251,"column":49}},"149":{"start":{"line":251,"column":6},"end":{"line":251,"column":49}},"150":{"start":{"line":252,"column":4},"end":{"line":253,"column":49}},"151":{"start":{"line":253,"column":6},"end":{"line":253,"column":49}},"152":{"start":{"line":254,"column":4},"end":{"line":255,"column":49}},"153":{"start":{"line":255,"column":6},"end":{"line":255,"column":49}},"154":{"start":{"line":259,"column":4},"end":{"line":259,"column":30}},"155":{"start":{"line":260,"column":4},"end":{"line":260,"column":23}},"156":{"start":{"line":264,"column":4},"end":{"line":264,"column":65}},"157":{"start":{"line":265,"column":4},"end":{"line":265,"column":23}},"158":{"start":{"line":269,"column":4},"end":{"line":269,"column":44}},"159":{"start":{"line":12,"column":13},"end":{"line":273,"column":null}},"160":{"start":{"line":12,"column":13},"end":{"line":12,"column":24}}},"fnMap":{"0":{"name":"(anonymous_0)","decl":{"start":{"line":38,"column":2},"end":{"line":38,"column":22}},"loc":{"start":{"line":38,"column":52},"end":{"line":39,"column":3}}},"1":{"name":"(anonymous_1)","decl":{"start":{"line":43,"column":2},"end":{"line":43,"column":6}},"loc":{"start":{"line":43,"column":6},"end":{"line":62,"column":3}}},"2":{"name":"(anonymous_2)","decl":{"start":{"line":64,"column":2},"end":{"line":64,"column":15}},"loc":{"start":{"line":64,"column":15},"end":{"line":75,"column":3}}},"3":{"name":"(anonymous_3)","decl":{"start":{"line":78,"column":2},"end":{"line":78,"column":10}},"loc":{"start":{"line":78,"column":24},"end":{"line":80,"column":3}}},"4":{"name":"(anonymous_4)","decl":{"start":{"line":81,"column":2},"end":{"line":81,"column":10}},"loc":{"start":{"line":81,"column":24},"end":{"line":83,"column":3}}},"5":{"name":"(anonymous_5)","decl":{"start":{"line":84,"column":2},"end":{"line":84,"column":11}},"loc":{"start":{"line":84,"column":26},"end":{"line":86,"column":3}}},"6":{"name":"(anonymous_6)","decl":{"start":{"line":88,"column":2},"end":{"line":88,"column":10}},"loc":{"start":{"line":88,"column":10},"end":{"line":90,"column":3}}},"7":{"name":"(anonymous_7)","decl":{"start":{"line":91,"column":2},"end":{"line":91,"column":10}},"loc":{"start":{"line":91,"column":10},"end":{"line":93,"column":3}}},"8":{"name":"(anonymous_8)","decl":{"start":{"line":94,"column":2},"end":{"line":94,"column":11}},"loc":{"start":{"line":94,"column":11},"end":{"line":96,"column":3}}},"9":{"name":"(anonymous_9)","decl":{"start":{"line":98,"column":2},"end":{"line":98,"column":12}},"loc":{"start":{"line":98,"column":12},"end":{"line":104,"column":3}}},"10":{"name":"(anonymous_10)","decl":{"start":{"line":106,"column":2},"end":{"line":106,"column":10}},"loc":{"start":{"line":106,"column":23},"end":{"line":112,"column":3}}},"11":{"name":"(anonymous_11)","decl":{"start":{"line":114,"column":2},"end":{"line":114,"column":12}},"loc":{"start":{"line":114,"column":25},"end":{"line":122,"column":3}}},"12":{"name":"(anonymous_12)","decl":{"start":{"line":125,"column":2},"end":{"line":125,"column":11}},"loc":{"start":{"line":125,"column":24},"end":{"line":134,"column":3}}},"13":{"name":"(anonymous_13)","decl":{"start":{"line":136,"column":2},"end":{"line":136,"column":13}},"loc":{"start":{"line":136,"column":13},"end":{"line":138,"column":3}}},"14":{"name":"(anonymous_14)","decl":{"start":{"line":140,"column":2},"end":{"line":140,"column":17}},"loc":{"start":{"line":140,"column":26},"end":{"line":142,"column":3}}},"15":{"name":"(anonymous_15)","decl":{"start":{"line":144,"column":2},"end":{"line":144,"column":12}},"loc":{"start":{"line":144,"column":12},"end":{"line":155,"column":3}}},"16":{"name":"(anonymous_16)","decl":{"start":{"line":157,"column":2},"end":{"line":157,"column":6}},"loc":{"start":{"line":157,"column":11},"end":{"line":180,"column":3}}},"17":{"name":"(anonymous_17)","decl":{"start":{"line":182,"column":2},"end":{"line":182,"column":12}},"loc":{"start":{"line":182,"column":12},"end":{"line":191,"column":3}}},"18":{"name":"(anonymous_18)","decl":{"start":{"line":193,"column":2},"end":{"line":193,"column":13}},"loc":{"start":{"line":193,"column":13},"end":{"line":202,"column":3}}},"19":{"name":"(anonymous_19)","decl":{"start":{"line":204,"column":2},"end":{"line":204,"column":12}},"loc":{"start":{"line":204,"column":12},"end":{"line":226,"column":3}}},"20":{"name":"(anonymous_20)","decl":{"start":{"line":228,"column":2},"end":{"line":228,"column":13}},"loc":{"start":{"line":228,"column":13},"end":{"line":230,"column":3}}},"21":{"name":"(anonymous_21)","decl":{"start":{"line":233,"column":2},"end":{"line":233,"column":16}},"loc":{"start":{"line":233,"column":16},"end":{"line":235,"column":3}}},"22":{"name":"(anonymous_22)","decl":{"start":{"line":237,"column":2},"end":{"line":237,"column":17}},"loc":{"start":{"line":237,"column":30},"end":{"line":245,"column":3}}},"23":{"name":"(anonymous_23)","decl":{"start":{"line":247,"column":2},"end":{"line":247,"column":19}},"loc":{"start":{"line":247,"column":24},"end":{"line":256,"column":3}}},"24":{"name":"(anonymous_24)","decl":{"start":{"line":258,"column":2},"end":{"line":258,"column":10}},"loc":{"start":{"line":258,"column":10},"end":{"line":261,"column":3}}},"25":{"name":"(anonymous_25)","decl":{"start":{"line":263,"column":2},"end":{"line":263,"column":5}},"loc":{"start":{"line":263,"column":5},"end":{"line":266,"column":3}}},"26":{"name":"(anonymous_26)","decl":{"start":{"line":268,"column":10},"end":{"line":268,"column":13}},"loc":{"start":{"line":268,"column":29},"end":{"line":270,"column":3}}}},"branchMap":{"0":{"loc":{"start":{"line":145,"column":4},"end":{"line":154,"column":null}},"type":"if","locations":[{"start":{"line":145,"column":4},"end":{"line":154,"column":null}},{"start":{"line":145,"column":4},"end":{"line":154,"column":null}}]},"1":{"loc":{"start":{"line":148,"column":8},"end":{"line":148,"column":71}},"type":"switch","locations":[{"start":{"line":148,"column":8},"end":{"line":148,"column":71}},{"start":{"line":149,"column":8},"end":{"line":149,"column":72}},{"start":{"line":150,"column":8},"end":{"line":150,"column":73}},{"start":{"line":151,"column":8},"end":{"line":151,"column":73}}]},"2":{"loc":{"start":{"line":159,"column":4},"end":{"line":162,"column":null}},"type":"if","locations":[{"start":{"line":159,"column":4},"end":{"line":162,"column":null}},{"start":{"line":159,"column":4},"end":{"line":162,"column":null}}]},"3":{"loc":{"start":{"line":159,"column":8},"end":{"line":159,"column":27}},"type":"binary-expr","locations":[{"start":{"line":159,"column":8},"end":{"line":159,"column":27}},{"start":{"line":159,"column":31},"end":{"line":159,"column":37}},{"start":{"line":159,"column":41},"end":{"line":159,"column":63}}]},"4":{"loc":{"start":{"line":164,"column":4},"end":{"line":177,"column":null}},"type":"if","locations":[{"start":{"line":164,"column":4},"end":{"line":177,"column":null}},{"start":{"line":164,"column":4},"end":{"line":177,"column":null}}]},"5":{"loc":{"start":{"line":164,"column":8},"end":{"line":164,"column":14}},"type":"binary-expr","locations":[{"start":{"line":164,"column":8},"end":{"line":164,"column":14}},{"start":{"line":164,"column":18},"end":{"line":164,"column":32}},{"start":{"line":164,"column":36},"end":{"line":164,"column":42}},{"start":{"line":164,"column":46},"end":{"line":164,"column":60}}]},"6":{"loc":{"start":{"line":165,"column":6},"end":{"line":167,"column":null}},"type":"if","locations":[{"start":{"line":165,"column":6},"end":{"line":167,"column":null}},{"start":{"line":165,"column":6},"end":{"line":167,"column":null}}]},"7":{"loc":{"start":{"line":165,"column":10},"end":{"line":165,"column":36}},"type":"binary-expr","locations":[{"start":{"line":165,"column":10},"end":{"line":165,"column":36}},{"start":{"line":165,"column":40},"end":{"line":165,"column":68}}]},"8":{"loc":{"start":{"line":168,"column":6},"end":{"line":172,"column":null}},"type":"if","locations":[{"start":{"line":168,"column":6},"end":{"line":172,"column":null}},{"start":{"line":168,"column":6},"end":{"line":172,"column":null}}]},"9":{"loc":{"start":{"line":183,"column":4},"end":{"line":190,"column":null}},"type":"if","locations":[{"start":{"line":183,"column":4},"end":{"line":190,"column":null}},{"start":{"line":183,"column":4},"end":{"line":190,"column":null}}]},"10":{"loc":{"start":{"line":184,"column":6},"end":{"line":188,"column":null}},"type":"if","locations":[{"start":{"line":184,"column":6},"end":{"line":188,"column":null}},{"start":{"line":184,"column":6},"end":{"line":188,"column":null}}]},"11":{"loc":{"start":{"line":194,"column":4},"end":{"line":201,"column":null}},"type":"if","locations":[{"start":{"line":194,"column":4},"end":{"line":201,"column":null}},{"start":{"line":194,"column":4},"end":{"line":201,"column":null}}]},"12":{"loc":{"start":{"line":195,"column":6},"end":{"line":199,"column":null}},"type":"if","locations":[{"start":{"line":195,"column":6},"end":{"line":199,"column":null}},{"start":{"line":195,"column":6},"end":{"line":199,"column":null}}]},"13":{"loc":{"start":{"line":205,"column":4},"end":{"line":225,"column":null}},"type":"if","locations":[{"start":{"line":205,"column":4},"end":{"line":225,"column":null}},{"start":{"line":205,"column":4},"end":{"line":225,"column":null}}]},"14":{"loc":{"start":{"line":206,"column":6},"end":{"line":224,"column":null}},"type":"if","locations":[{"start":{"line":206,"column":6},"end":{"line":224,"column":null}},{"start":{"line":206,"column":6},"end":{"line":224,"column":null}}]},"15":{"loc":{"start":{"line":209,"column":10},"end":{"line":209,"column":125}},"type":"switch","locations":[{"start":{"line":209,"column":10},"end":{"line":209,"column":125}},{"start":{"line":210,"column":10},"end":{"line":210,"column":126}},{"start":{"line":211,"column":10},"end":{"line":211,"column":127}},{"start":{"line":212,"column":10},"end":{"line":212,"column":127}}]},"16":{"loc":{"start":{"line":209,"column":18},"end":{"line":209,"column":118}},"type":"if","locations":[{"start":{"line":209,"column":18},"end":{"line":209,"column":118}},{"start":{"line":209,"column":18},"end":{"line":209,"column":118}}]},"17":{"loc":{"start":{"line":209,"column":22},"end":{"line":209,"column":55}},"type":"binary-expr","locations":[{"start":{"line":209,"column":22},"end":{"line":209,"column":55}},{"start":{"line":209,"column":59},"end":{"line":209,"column":93}}]},"18":{"loc":{"start":{"line":210,"column":19},"end":{"line":210,"column":119}},"type":"if","locations":[{"start":{"line":210,"column":19},"end":{"line":210,"column":119}},{"start":{"line":210,"column":19},"end":{"line":210,"column":119}}]},"19":{"loc":{"start":{"line":210,"column":23},"end":{"line":210,"column":38}},"type":"binary-expr","locations":[{"start":{"line":210,"column":23},"end":{"line":210,"column":38}},{"start":{"line":210,"column":42},"end":{"line":210,"column":57}},{"start":{"line":210,"column":61},"end":{"line":210,"column":94}}]},"20":{"loc":{"start":{"line":211,"column":20},"end":{"line":211,"column":120}},"type":"if","locations":[{"start":{"line":211,"column":20},"end":{"line":211,"column":120}},{"start":{"line":211,"column":20},"end":{"line":211,"column":120}}]},"21":{"loc":{"start":{"line":211,"column":24},"end":{"line":211,"column":57}},"type":"binary-expr","locations":[{"start":{"line":211,"column":24},"end":{"line":211,"column":57}},{"start":{"line":211,"column":61},"end":{"line":211,"column":95}}]},"22":{"loc":{"start":{"line":212,"column":20},"end":{"line":212,"column":120}},"type":"if","locations":[{"start":{"line":212,"column":20},"end":{"line":212,"column":120}},{"start":{"line":212,"column":20},"end":{"line":212,"column":120}}]},"23":{"loc":{"start":{"line":212,"column":24},"end":{"line":212,"column":39}},"type":"binary-expr","locations":[{"start":{"line":212,"column":24},"end":{"line":212,"column":39}},{"start":{"line":212,"column":43},"end":{"line":212,"column":58}},{"start":{"line":212,"column":62},"end":{"line":212,"column":95}}]},"24":{"loc":{"start":{"line":214,"column":8},"end":{"line":221,"column":null}},"type":"if","locations":[{"start":{"line":214,"column":8},"end":{"line":221,"column":null}},{"start":{"line":214,"column":8},"end":{"line":221,"column":null}}]},"25":{"loc":{"start":{"line":238,"column":4},"end":{"line":244,"column":null}},"type":"if","locations":[{"start":{"line":238,"column":4},"end":{"line":244,"column":null}},{"start":{"line":238,"column":4},"end":{"line":244,"column":null}}]},"26":{"loc":{"start":{"line":240,"column":8},"end":{"line":240,"column":72}},"type":"switch","locations":[{"start":{"line":240,"column":8},"end":{"line":240,"column":72}},{"start":{"line":241,"column":8},"end":{"line":241,"column":68}},{"start":{"line":242,"column":8},"end":{"line":242,"column":68}}]},"27":{"loc":{"start":{"line":248,"column":4},"end":{"line":249,"column":49}},"type":"if","locations":[{"start":{"line":248,"column":4},"end":{"line":249,"column":49}},{"start":{"line":248,"column":4},"end":{"line":249,"column":49}}]},"28":{"loc":{"start":{"line":250,"column":4},"end":{"line":251,"column":49}},"type":"if","locations":[{"start":{"line":250,"column":4},"end":{"line":251,"column":49}},{"start":{"line":250,"column":4},"end":{"line":251,"column":49}}]},"29":{"loc":{"start":{"line":252,"column":4},"end":{"line":253,"column":49}},"type":"if","locations":[{"start":{"line":252,"column":4},"end":{"line":253,"column":49}},{"start":{"line":252,"column":4},"end":{"line":253,"column":49}}]},"30":{"loc":{"start":{"line":254,"column":4},"end":{"line":255,"column":49}},"type":"if","locations":[{"start":{"line":254,"column":4},"end":{"line":255,"column":49}},{"start":{"line":254,"column":4},"end":{"line":255,"column":49}}]}},"s":{"0":7,"1":7,"2":7,"3":7,"4":7,"5":7,"6":25,"7":25,"8":25,"9":25,"10":25,"11":25,"12":25,"13":25,"14":25,"15":25,"16":25,"17":25,"18":25,"19":25,"20":25,"21":25,"22":25,"23":25,"24":25,"25":1,"26":1,"27":1,"28":1,"29":1,"30":1,"31":1,"32":1,"33":1,"34":1,"35":1,"36":1,"37":1,"38":1,"39":1,"40":1,"41":1,"42":5,"43":5,"44":5,"45":25,"46":5,"47":1,"48":1,"49":1,"50":1,"51":1,"52":1,"53":1,"54":1,"55":1,"56":1,"57":1,"58":1,"59":1,"60":1,"61":0,"62":1,"63":1,"64":1,"65":0,"66":1,"67":1,"68":1,"69":1,"70":1,"71":3,"72":3,"73":0,"74":3,"75":6,"76":11,"77":1,"78":1,"79":1,"80":1,"81":1,"82":0,"83":0,"84":0,"85":0,"86":0,"87":0,"88":1,"89":1,"90":0,"91":0,"92":1,"93":0,"94":0,"95":0,"96":0,"97":0,"98":0,"99":0,"100":0,"101":0,"102":0,"103":1,"104":1,"105":0,"106":1,"107":1,"108":1,"109":1,"110":1,"111":0,"112":1,"113":0,"114":0,"115":0,"116":0,"117":0,"118":0,"119":0,"120":0,"121":0,"122":0,"123":0,"124":0,"125":0,"126":0,"127":0,"128":0,"129":0,"130":0,"131":0,"132":0,"133":0,"134":0,"135":0,"136":1,"137":1,"138":1,"139":1,"140":1,"141":1,"142":0,"143":0,"144":0,"145":0,"146":1,"147":0,"148":1,"149":0,"150":1,"151":1,"152":1,"153":1,"154":1,"155":1,"156":1,"157":1,"158":1,"159":7,"160":7},"f":{"0":25,"1":1,"2":1,"3":1,"4":1,"5":1,"6":1,"7":1,"8":1,"9":1,"10":1,"11":1,"12":1,"13":6,"14":11,"15":1,"16":1,"17":1,"18":1,"19":0,"20":1,"21":1,"22":1,"23":1,"24":1,"25":1,"26":1},"b":{"0":[1,0],"1":[1,0,0,0],"2":[0,1],"3":[1,0,0],"4":[0,1],"5":[1,0,0,0],"6":[0,0],"7":[0,0],"8":[0,0],"9":[1,0],"10":[0,1],"11":[1,0],"12":[1,0],"13":[0,0],"14":[0,0],"15":[0,0,0,0],"16":[0,0],"17":[0,0],"18":[0,0],"19":[0,0,0],"20":[0,0],"21":[0,0],"22":[0,0],"23":[0,0,0],"24":[0,0],"25":[1,0],"26":[1,0,0],"27":[0,1],"28":[0,1],"29":[1,0],"30":[1,0]}}
,"C:\\Users\\RUBSAN\\source\\repos\\app-wumpus\\src\\app\\message.service.ts": {"path":"C:\\Users\\RUBSAN\\source\\repos\\app-wumpus\\src\\app\\message.service.ts","statementMap":{"0":{"start":{"line":1,"column":0},"end":{"line":1,"column":43}},"1":{"start":{"line":6,"column":0},"end":{"line":17,"column":null}},"2":{"start":{"line":8,"column":2},"end":{"line":8,"column":26}},"3":{"start":{"line":11,"column":4},"end":{"line":11,"column":32}},"4":{"start":{"line":15,"column":4},"end":{"line":15,"column":23}},"5":{"start":{"line":6,"column":13},"end":{"line":17,"column":null}},"6":{"start":{"line":6,"column":13},"end":{"line":6,"column":27}}},"fnMap":{"0":{"name":"(anonymous_0)","decl":{"start":{"line":6,"column":0},"end":{"line":6,"column":13}},"loc":{"start":{"line":6,"column":0},"end":{"line":17,"column":1}}},"1":{"name":"(anonymous_1)","decl":{"start":{"line":10,"column":2},"end":{"line":10,"column":5}},"loc":{"start":{"line":10,"column":21},"end":{"line":12,"column":3}}},"2":{"name":"(anonymous_2)","decl":{"start":{"line":14,"column":2},"end":{"line":14,"column":7}},"loc":{"start":{"line":14,"column":7},"end":{"line":16,"column":3}}}},"branchMap":{},"s":{"0":9,"1":9,"2":27,"3":1,"4":1,"5":9,"6":9},"f":{"0":27,"1":1,"2":1},"b":{}}
,"C:\\Users\\RUBSAN\\source\\repos\\app-wumpus\\src\\app\\board\\board.component.html": {"path":"C:\\Users\\RUBSAN\\source\\repos\\app-wumpus\\src\\app\\board\\board.component.html","statementMap":{"0":{"start":{"line":1,"column":0},"end":{"line":1,"column":255}}},"fnMap":{},"branchMap":{},"s":{"0":1},"f":{},"b":{},"inputSourceMap":null,"_coverageSchema":"1a1c01bbd47fc00a2c39e90264f33305004495a9","hash":"82fcac0dc6b006f114fee86b2b2ad2a43cb9637c"}
,"C:\\Users\\RUBSAN\\source\\repos\\app-wumpus\\src\\app\\board\\board.component.ts": {"path":"C:\\Users\\RUBSAN\\source\\repos\\app-wumpus\\src\\app\\board\\board.component.ts","statementMap":{"0":{"start":{"line":1,"column":0},"end":{"line":1,"column":57}},"1":{"start":{"line":2,"column":0},"end":{"line":2,"column":46}},"2":{"start":{"line":10,"column":0},"end":{"line":21,"column":null}},"3":{"start":{"line":14,"column":22},"end":{"line":14,"column":35}},"4":{"start":{"line":18,"column":4},"end":{"line":18,"column":48}},"5":{"start":{"line":10,"column":13},"end":{"line":21,"column":null}},"6":{"start":{"line":10,"column":13},"end":{"line":10,"column":27}}},"fnMap":{"0":{"name":"(anonymous_0)","decl":{"start":{"line":14,"column":2},"end":{"line":14,"column":22}},"loc":{"start":{"line":14,"column":46},"end":{"line":15,"column":3}}},"1":{"name":"(anonymous_1)","decl":{"start":{"line":17,"column":2},"end":{"line":17,"column":10}},"loc":{"start":{"line":17,"column":10},"end":{"line":19,"column":3}}}},"branchMap":{},"s":{"0":1,"1":1,"2":1,"3":2,"4":1,"5":1,"6":1},"f":{"0":2,"1":1},"b":{}}
,"C:\\Users\\RUBSAN\\source\\repos\\app-wumpus\\src\\app\\cell\\cell.component.html": {"path":"C:\\Users\\RUBSAN\\source\\repos\\app-wumpus\\src\\app\\cell\\cell.component.html","statementMap":{"0":{"start":{"line":1,"column":0},"end":{"line":1,"column":79}}},"fnMap":{},"branchMap":{},"s":{"0":1},"f":{},"b":{},"inputSourceMap":null,"_coverageSchema":"1a1c01bbd47fc00a2c39e90264f33305004495a9","hash":"0522473ef075ec621f6ca5673e1354d8672bac46"}
,"C:\\Users\\RUBSAN\\source\\repos\\app-wumpus\\src\\app\\cell\\cell.component.ts": {"path":"C:\\Users\\RUBSAN\\source\\repos\\app-wumpus\\src\\app\\cell\\cell.component.ts","statementMap":{"0":{"start":{"line":1,"column":0},"end":{"line":1,"column":49}},"1":{"start":{"line":8,"column":0},"end":{"line":10,"column":null}},"2":{"start":{"line":9,"column":11},"end":{"line":9,"column":null}},"3":{"start":{"line":8,"column":13},"end":{"line":10,"column":null}},"4":{"start":{"line":8,"column":13},"end":{"line":8,"column":26}}},"fnMap":{},"branchMap":{},"s":{"0":1,"1":1,"2":1,"3":1,"4":1},"f":{},"b":{}}
,"C:\\Users\\RUBSAN\\source\\repos\\app-wumpus\\src\\app\\commands\\commands.component.html": {"path":"C:\\Users\\RUBSAN\\source\\repos\\app-wumpus\\src\\app\\commands\\commands.component.html","statementMap":{"0":{"start":{"line":1,"column":0},"end":{"line":1,"column":1232}}},"fnMap":{},"branchMap":{},"s":{"0":1},"f":{},"b":{},"inputSourceMap":null,"_coverageSchema":"1a1c01bbd47fc00a2c39e90264f33305004495a9","hash":"19735a0374c2e55b8d276c674333ed8944cf7245"}
,"C:\\Users\\RUBSAN\\source\\repos\\app-wumpus\\src\\app\\commands\\commands.component.ts": {"path":"C:\\Users\\RUBSAN\\source\\repos\\app-wumpus\\src\\app\\commands\\commands.component.ts","statementMap":{"0":{"start":{"line":1,"column":0},"end":{"line":1,"column":50}},"1":{"start":{"line":2,"column":0},"end":{"line":2,"column":46}},"2":{"start":{"line":9,"column":0},"end":{"line":33,"column":null}},"3":{"start":{"line":11,"column":22},"end":{"line":11,"column":35}},"4":{"start":{"line":18,"column":4},"end":{"line":18,"column":34}},"5":{"start":{"line":22,"column":4},"end":{"line":22,"column":35}},"6":{"start":{"line":26,"column":4},"end":{"line":26,"column":34}},"7":{"start":{"line":30,"column":4},"end":{"line":30,"column":34}},"8":{"start":{"line":9,"column":13},"end":{"line":33,"column":null}},"9":{"start":{"line":9,"column":13},"end":{"line":9,"column":30}}},"fnMap":{"0":{"name":"(anonymous_0)","decl":{"start":{"line":11,"column":2},"end":{"line":11,"column":22}},"loc":{"start":{"line":11,"column":46},"end":{"line":12,"column":3}}},"1":{"name":"(anonymous_1)","decl":{"start":{"line":14,"column":2},"end":{"line":14,"column":10}},"loc":{"start":{"line":14,"column":10},"end":{"line":15,"column":3}}},"2":{"name":"(anonymous_2)","decl":{"start":{"line":17,"column":2},"end":{"line":17,"column":6}},"loc":{"start":{"line":17,"column":6},"end":{"line":19,"column":3}}},"3":{"name":"(anonymous_3)","decl":{"start":{"line":21,"column":2},"end":{"line":21,"column":7}},"loc":{"start":{"line":21,"column":7},"end":{"line":23,"column":3}}},"4":{"name":"(anonymous_4)","decl":{"start":{"line":25,"column":2},"end":{"line":25,"column":6}},"loc":{"start":{"line":25,"column":6},"end":{"line":27,"column":3}}},"5":{"name":"(anonymous_5)","decl":{"start":{"line":29,"column":2},"end":{"line":29,"column":7}},"loc":{"start":{"line":29,"column":7},"end":{"line":31,"column":3}}}},"branchMap":{},"s":{"0":1,"1":1,"2":1,"3":6,"4":1,"5":1,"6":1,"7":1,"8":1,"9":1},"f":{"0":6,"1":1,"2":1,"3":1,"4":1,"5":1},"b":{}}
,"C:\\Users\\RUBSAN\\source\\repos\\app-wumpus\\src\\app\\game\\game.component.html": {"path":"C:\\Users\\RUBSAN\\source\\repos\\app-wumpus\\src\\app\\game\\game.component.html","statementMap":{"0":{"start":{"line":1,"column":0},"end":{"line":1,"column":568}}},"fnMap":{},"branchMap":{},"s":{"0":1},"f":{},"b":{},"inputSourceMap":null,"_coverageSchema":"1a1c01bbd47fc00a2c39e90264f33305004495a9","hash":"5a0c40323f6c9f3d0b463b23315b3b2281f48356"}
,"C:\\Users\\RUBSAN\\source\\repos\\app-wumpus\\src\\app\\game\\game.component.ts": {"path":"C:\\Users\\RUBSAN\\source\\repos\\app-wumpus\\src\\app\\game\\game.component.ts","statementMap":{"0":{"start":{"line":1,"column":0},"end":{"line":1,"column":42}},"1":{"start":{"line":2,"column":0},"end":{"line":2,"column":57}},"2":{"start":{"line":3,"column":0},"end":{"line":3,"column":46}},"3":{"start":{"line":11,"column":0},"end":{"line":34,"column":null}},"4":{"start":{"line":13,"column":22},"end":{"line":13,"column":35}},"5":{"start":{"line":13,"column":56},"end":{"line":13,"column":63}},"6":{"start":{"line":13,"column":87},"end":{"line":13,"column":95}},"7":{"start":{"line":15,"column":4},"end":{"line":15,"column":28}},"8":{"start":{"line":23,"column":4},"end":{"line":23,"column":28}},"9":{"start":{"line":27,"column":4},"end":{"line":27,"column":28}},"10":{"start":{"line":31,"column":4},"end":{"line":31,"column":36}},"11":{"start":{"line":11,"column":13},"end":{"line":34,"column":null}},"12":{"start":{"line":11,"column":13},"end":{"line":11,"column":26}}},"fnMap":{"0":{"name":"(anonymous_0)","decl":{"start":{"line":13,"column":2},"end":{"line":13,"column":22}},"loc":{"start":{"line":13,"column":101},"end":{"line":17,"column":3}}},"1":{"name":"(anonymous_1)","decl":{"start":{"line":19,"column":2},"end":{"line":19,"column":10}},"loc":{"start":{"line":19,"column":10},"end":{"line":20,"column":3}}},"2":{"name":"(anonymous_2)","decl":{"start":{"line":22,"column":2},"end":{"line":22,"column":7}},"loc":{"start":{"line":22,"column":52},"end":{"line":24,"column":3}}},"3":{"name":"(anonymous_3)","decl":{"start":{"line":26,"column":2},"end":{"line":26,"column":9}},"loc":{"start":{"line":26,"column":9},"end":{"line":28,"column":3}}},"4":{"name":"(anonymous_4)","decl":{"start":{"line":30,"column":2},"end":{"line":30,"column":6}},"loc":{"start":{"line":30,"column":6},"end":{"line":32,"column":3}}}},"branchMap":{},"s":{"0":1,"1":1,"2":1,"3":1,"4":5,"5":5,"6":5,"7":5,"8":1,"9":1,"10":1,"11":1,"12":1},"f":{"0":5,"1":1,"2":1,"3":1,"4":1},"b":{}}
,"C:\\Users\\RUBSAN\\source\\repos\\app-wumpus\\src\\app\\menu\\menu.component.html": {"path":"C:\\Users\\RUBSAN\\source\\repos\\app-wumpus\\src\\app\\menu\\menu.component.html","statementMap":{"0":{"start":{"line":1,"column":0},"end":{"line":1,"column":1927}}},"fnMap":{},"branchMap":{},"s":{"0":1},"f":{},"b":{},"inputSourceMap":null,"_coverageSchema":"1a1c01bbd47fc00a2c39e90264f33305004495a9","hash":"a111979c0c0cc844b5b74790d6b1d10ab26cc01c"}
,"C:\\Users\\RUBSAN\\source\\repos\\app-wumpus\\src\\app\\menu\\menu.component.ts": {"path":"C:\\Users\\RUBSAN\\source\\repos\\app-wumpus\\src\\app\\menu\\menu.component.ts","statementMap":{"0":{"start":{"line":1,"column":0},"end":{"line":1,"column":50}},"1":{"start":{"line":2,"column":0},"end":{"line":2,"column":57}},"2":{"start":{"line":3,"column":0},"end":{"line":3,"column":46}},"3":{"start":{"line":10,"column":0},"end":{"line":31,"column":null}},"4":{"start":{"line":16,"column":22},"end":{"line":16,"column":35}},"5":{"start":{"line":16,"column":56},"end":{"line":16,"column":64}},"6":{"start":{"line":12,"column":2},"end":{"line":12,"column":12}},"7":{"start":{"line":13,"column":2},"end":{"line":13,"column":12}},"8":{"start":{"line":14,"column":2},"end":{"line":14,"column":13}},"9":{"start":{"line":24,"column":4},"end":{"line":24,"column":37}},"10":{"start":{"line":25,"column":4},"end":{"line":25,"column":37}},"11":{"start":{"line":26,"column":4},"end":{"line":26,"column":39}},"12":{"start":{"line":27,"column":4},"end":{"line":27,"column":36}},"13":{"start":{"line":10,"column":13},"end":{"line":31,"column":null}},"14":{"start":{"line":10,"column":13},"end":{"line":10,"column":26}}},"fnMap":{"0":{"name":"(anonymous_0)","decl":{"start":{"line":16,"column":2},"end":{"line":16,"column":22}},"loc":{"start":{"line":16,"column":70},"end":{"line":17,"column":3}}},"1":{"name":"(anonymous_1)","decl":{"start":{"line":19,"column":2},"end":{"line":19,"column":10}},"loc":{"start":{"line":19,"column":10},"end":{"line":20,"column":3}}},"2":{"name":"(anonymous_2)","decl":{"start":{"line":22,"column":2},"end":{"line":22,"column":7}},"loc":{"start":{"line":22,"column":52},"end":{"line":29,"column":3}}}},"branchMap":{},"s":{"0":1,"1":1,"2":1,"3":1,"4":3,"5":3,"6":3,"7":3,"8":3,"9":1,"10":1,"11":1,"12":1,"13":1,"14":1},"f":{"0":3,"1":1,"2":1},"b":{}}
,"C:\\Users\\RUBSAN\\source\\repos\\app-wumpus\\src\\app\\messages\\messages.component.html": {"path":"C:\\Users\\RUBSAN\\source\\repos\\app-wumpus\\src\\app\\messages\\messages.component.html","statementMap":{"0":{"start":{"line":1,"column":0},"end":{"line":1,"column":484}}},"fnMap":{},"branchMap":{},"s":{"0":1},"f":{},"b":{},"inputSourceMap":null,"_coverageSchema":"1a1c01bbd47fc00a2c39e90264f33305004495a9","hash":"60b571d1e61ca7f4b2de8eb77d78245ab5e08900"}
,"C:\\Users\\RUBSAN\\source\\repos\\app-wumpus\\src\\app\\messages\\messages.component.ts": {"path":"C:\\Users\\RUBSAN\\source\\repos\\app-wumpus\\src\\app\\messages\\messages.component.ts","statementMap":{"0":{"start":{"line":1,"column":0},"end":{"line":1,"column":50}},"1":{"start":{"line":2,"column":0},"end":{"line":2,"column":52}},"2":{"start":{"line":9,"column":0},"end":{"line":20,"column":null}},"3":{"start":{"line":11,"column":21},"end":{"line":11,"column":37}},"4":{"start":{"line":17,"column":4},"end":{"line":17,"column":32}},"5":{"start":{"line":9,"column":13},"end":{"line":20,"column":null}},"6":{"start":{"line":9,"column":13},"end":{"line":9,"column":30}}},"fnMap":{"0":{"name":"(anonymous_0)","decl":{"start":{"line":11,"column":2},"end":{"line":11,"column":21}},"loc":{"start":{"line":11,"column":51},"end":{"line":11,"column":56}}},"1":{"name":"(anonymous_1)","decl":{"start":{"line":13,"column":2},"end":{"line":13,"column":10}},"loc":{"start":{"line":13,"column":10},"end":{"line":14,"column":3}}},"2":{"name":"(anonymous_2)","decl":{"start":{"line":16,"column":2},"end":{"line":16,"column":7}},"loc":{"start":{"line":16,"column":7},"end":{"line":18,"column":3}}}},"branchMap":{},"s":{"0":1,"1":1,"2":1,"3":3,"4":1,"5":1,"6":1},"f":{"0":3,"1":1,"2":1},"b":{}}
,"C:\\Users\\RUBSAN\\source\\repos\\app-wumpus\\src\\app\\parameters\\parameters.component.html": {"path":"C:\\Users\\RUBSAN\\source\\repos\\app-wumpus\\src\\app\\parameters\\parameters.component.html","statementMap":{"0":{"start":{"line":1,"column":0},"end":{"line":1,"column":474}}},"fnMap":{},"branchMap":{},"s":{"0":1},"f":{},"b":{},"inputSourceMap":null,"_coverageSchema":"1a1c01bbd47fc00a2c39e90264f33305004495a9","hash":"4a6d91d53b1742e98c26fbadf66eaad2134ef1ad"}
,"C:\\Users\\RUBSAN\\source\\repos\\app-wumpus\\src\\app\\parameters\\parameters.component.ts": {"path":"C:\\Users\\RUBSAN\\source\\repos\\app-wumpus\\src\\app\\parameters\\parameters.component.ts","statementMap":{"0":{"start":{"line":1,"column":0},"end":{"line":1,"column":50}},"1":{"start":{"line":2,"column":0},"end":{"line":2,"column":46}},"2":{"start":{"line":9,"column":0},"end":{"line":30,"column":null}},"3":{"start":{"line":11,"column":22},"end":{"line":11,"column":35}},"4":{"start":{"line":15,"column":4},"end":{"line":15,"column":20}},"5":{"start":{"line":16,"column":4},"end":{"line":16,"column":20}},"6":{"start":{"line":17,"column":4},"end":{"line":17,"column":21}},"7":{"start":{"line":20,"column":4},"end":{"line":20,"column":34}},"8":{"start":{"line":24,"column":4},"end":{"line":24,"column":34}},"9":{"start":{"line":28,"column":4},"end":{"line":28,"column":35}},"10":{"start":{"line":9,"column":13},"end":{"line":30,"column":null}},"11":{"start":{"line":9,"column":13},"end":{"line":9,"column":32}}},"fnMap":{"0":{"name":"(anonymous_0)","decl":{"start":{"line":11,"column":2},"end":{"line":11,"column":22}},"loc":{"start":{"line":11,"column":46},"end":{"line":11,"column":51}}},"1":{"name":"(anonymous_1)","decl":{"start":{"line":13,"column":2},"end":{"line":13,"column":10}},"loc":{"start":{"line":13,"column":10},"end":{"line":18,"column":3}}},"2":{"name":"(anonymous_2)","decl":{"start":{"line":19,"column":2},"end":{"line":19,"column":10}},"loc":{"start":{"line":19,"column":10},"end":{"line":21,"column":3}}},"3":{"name":"(anonymous_3)","decl":{"start":{"line":23,"column":2},"end":{"line":23,"column":10}},"loc":{"start":{"line":23,"column":10},"end":{"line":25,"column":3}}},"4":{"name":"(anonymous_4)","decl":{"start":{"line":27,"column":2},"end":{"line":27,"column":11}},"loc":{"start":{"line":27,"column":11},"end":{"line":29,"column":3}}}},"branchMap":{},"s":{"0":1,"1":1,"2":1,"3":5,"4":1,"5":1,"6":1,"7":1,"8":1,"9":1,"10":1,"11":1},"f":{"0":5,"1":1,"2":1,"3":1,"4":1},"b":{}}
,"C:\\Users\\RUBSAN\\source\\repos\\app-wumpus\\src\\app\\status\\status.component.html": {"path":"C:\\Users\\RUBSAN\\source\\repos\\app-wumpus\\src\\app\\status\\status.component.html","statementMap":{"0":{"start":{"line":1,"column":0},"end":{"line":1,"column":390}}},"fnMap":{},"branchMap":{},"s":{"0":1},"f":{},"b":{},"inputSourceMap":null,"_coverageSchema":"1a1c01bbd47fc00a2c39e90264f33305004495a9","hash":"ca1b9cefba89c4835ad168dce85af763daaf7d66"}
,"C:\\Users\\RUBSAN\\source\\repos\\app-wumpus\\src\\app\\status\\status.component.ts": {"path":"C:\\Users\\RUBSAN\\source\\repos\\app-wumpus\\src\\app\\status\\status.component.ts","statementMap":{"0":{"start":{"line":1,"column":0},"end":{"line":1,"column":60}},"1":{"start":{"line":2,"column":0},"end":{"line":2,"column":46}},"2":{"start":{"line":11,"column":0},"end":{"line":28,"column":null}},"3":{"start":{"line":13,"column":22},"end":{"line":13,"column":35}},"4":{"start":{"line":16,"column":4},"end":{"line":16,"column":20}},"5":{"start":{"line":17,"column":4},"end":{"line":17,"column":25}},"6":{"start":{"line":21,"column":4},"end":{"line":21,"column":34}},"7":{"start":{"line":25,"column":4},"end":{"line":25,"column":39}},"8":{"start":{"line":11,"column":13},"end":{"line":28,"column":null}},"9":{"start":{"line":11,"column":13},"end":{"line":11,"column":28}}},"fnMap":{"0":{"name":"(anonymous_0)","decl":{"start":{"line":13,"column":2},"end":{"line":13,"column":22}},"loc":{"start":{"line":13,"column":46},"end":{"line":13,"column":51}}},"1":{"name":"(anonymous_1)","decl":{"start":{"line":15,"column":2},"end":{"line":15,"column":10}},"loc":{"start":{"line":15,"column":10},"end":{"line":18,"column":3}}},"2":{"name":"(anonymous_2)","decl":{"start":{"line":20,"column":2},"end":{"line":20,"column":10}},"loc":{"start":{"line":20,"column":10},"end":{"line":22,"column":3}}},"3":{"name":"(anonymous_3)","decl":{"start":{"line":24,"column":2},"end":{"line":24,"column":15}},"loc":{"start":{"line":24,"column":15},"end":{"line":26,"column":3}}}},"branchMap":{},"s":{"0":1,"1":1,"2":1,"3":4,"4":1,"5":1,"6":1,"7":1,"8":1,"9":1},"f":{"0":4,"1":1,"2":1,"3":1},"b":{}}
}
