TN:
SF:app.component.html
FNF:0
FNH:0
DA:1,1
LF:1
LH:1
BRF:0
BRH:0
end_of_record
TN:
SF:app.component.ts
FN:8,(anonymous_0)
FNF:1
FNH:1
FNDA:1,(anonymous_0)
DA:1,1
DA:8,1
DA:9,1
LF:3
LH:3
BRF:0
BRH:0
end_of_record
TN:
SF:cells.ts
FNF:0
FNH:0
DA:1,7
LF:1
LH:1
BRF:0
BRH:0
end_of_record
TN:
SF:game.service.ts
FN:38,(anonymous_0)
FN:43,(anonymous_1)
FN:64,(anonymous_2)
FN:78,(anonymous_3)
FN:81,(anonymous_4)
FN:84,(anonymous_5)
FN:88,(anonymous_6)
FN:91,(anonymous_7)
FN:94,(anonymous_8)
FN:98,(anonymous_9)
FN:106,(anonymous_10)
FN:114,(anonymous_11)
FN:125,(anonymous_12)
FN:136,(anonymous_13)
FN:140,(anonymous_14)
FN:144,(anonymous_15)
FN:157,(anonymous_16)
FN:182,(anonymous_17)
FN:193,(anonymous_18)
FN:204,(anonymous_19)
FN:228,(anonymous_20)
FN:233,(anonymous_21)
FN:237,(anonymous_22)
FN:247,(anonymous_23)
FN:258,(anonymous_24)
FN:263,(anonymous_25)
FN:268,(anonymous_26)
FNF:27
FNH:26
FNDA:25,(anonymous_0)
FNDA:1,(anonymous_1)
FNDA:1,(anonymous_2)
FNDA:1,(anonymous_3)
FNDA:1,(anonymous_4)
FNDA:1,(anonymous_5)
FNDA:1,(anonymous_6)
FNDA:1,(anonymous_7)
FNDA:1,(anonymous_8)
FNDA:1,(anonymous_9)
FNDA:1,(anonymous_10)
FNDA:1,(anonymous_11)
FNDA:1,(anonymous_12)
FNDA:6,(anonymous_13)
FNDA:11,(anonymous_14)
FNDA:1,(anonymous_15)
FNDA:1,(anonymous_16)
FNDA:1,(anonymous_17)
FNDA:1,(anonymous_18)
FNDA:0,(anonymous_19)
FNDA:1,(anonymous_20)
FNDA:1,(anonymous_21)
FNDA:1,(anonymous_22)
FNDA:1,(anonymous_23)
FNDA:1,(anonymous_24)
FNDA:1,(anonymous_25)
FNDA:1,(anonymous_26)
DA:1,7
DA:2,7
DA:4,7
DA:5,7
DA:6,7
DA:12,7
DA:15,25
DA:17,25
DA:18,25
DA:19,25
DA:20,25
DA:21,25
DA:23,25
DA:24,25
DA:25,25
DA:27,25
DA:28,25
DA:30,25
DA:31,25
DA:32,25
DA:33,25
DA:34,25
DA:35,25
DA:36,25
DA:38,25
DA:45,1
DA:46,1
DA:47,1
DA:48,1
DA:49,1
DA:50,1
DA:52,1
DA:53,1
DA:55,1
DA:56,1
DA:57,1
DA:58,1
DA:59,1
DA:60,1
DA:66,1
DA:67,1
DA:68,5
DA:69,5
DA:70,25
DA:72,5
DA:74,1
DA:79,1
DA:82,1
DA:85,1
DA:89,1
DA:92,1
DA:95,1
DA:99,1
DA:100,1
DA:101,1
DA:102,1
DA:103,1
DA:107,1
DA:108,1
DA:109,0
DA:111,1
DA:115,1
DA:116,1
DA:117,0
DA:119,1
DA:120,1
DA:121,1
DA:127,1
DA:128,3
DA:129,3
DA:130,0
DA:132,3
DA:137,6
DA:141,11
DA:145,1
DA:146,1
DA:147,1
DA:148,1
DA:149,0
DA:150,0
DA:151,0
DA:153,1
DA:159,1
DA:160,0
DA:161,0
DA:164,1
DA:165,0
DA:166,0
DA:168,0
DA:169,0
DA:170,0
DA:171,0
DA:173,0
DA:174,0
DA:175,0
DA:176,0
DA:183,1
DA:184,1
DA:185,0
DA:187,1
DA:189,1
DA:194,1
DA:195,1
DA:196,1
DA:198,0
DA:200,1
DA:205,0
DA:206,0
DA:207,0
DA:208,0
DA:209,0
DA:210,0
DA:211,0
DA:212,0
DA:214,0
DA:215,0
DA:216,0
DA:217,0
DA:218,0
DA:220,0
DA:223,0
DA:229,1
DA:234,1
DA:238,1
DA:239,1
DA:240,1
DA:241,0
DA:242,0
DA:248,1
DA:249,0
DA:250,1
DA:251,0
DA:252,1
DA:253,1
DA:254,1
DA:255,1
DA:259,1
DA:260,1
DA:264,1
DA:265,1
DA:269,1
LF:141
LH:102
BRDA:145,0,0,1
BRDA:145,0,1,0
BRDA:148,1,0,1
BRDA:148,1,1,0
BRDA:148,1,2,0
BRDA:148,1,3,0
BRDA:159,2,0,0
BRDA:159,2,1,1
BRDA:159,3,0,1
BRDA:159,3,1,0
BRDA:159,3,2,0
BRDA:164,4,0,0
BRDA:164,4,1,1
BRDA:164,5,0,1
BRDA:164,5,1,0
BRDA:164,5,2,0
BRDA:164,5,3,0
BRDA:165,6,0,0
BRDA:165,6,1,0
BRDA:165,7,0,0
BRDA:165,7,1,0
BRDA:168,8,0,0
BRDA:168,8,1,0
BRDA:183,9,0,1
BRDA:183,9,1,0
BRDA:184,10,0,0
BRDA:184,10,1,1
BRDA:194,11,0,1
BRDA:194,11,1,0
BRDA:195,12,0,1
BRDA:195,12,1,0
BRDA:205,13,0,0
BRDA:205,13,1,0
BRDA:206,14,0,0
BRDA:206,14,1,0
BRDA:209,15,0,0
BRDA:209,15,1,0
BRDA:209,15,2,0
BRDA:209,15,3,0
BRDA:209,16,0,0
BRDA:209,16,1,0
BRDA:209,17,0,0
BRDA:209,17,1,0
BRDA:210,18,0,0
BRDA:210,18,1,0
BRDA:210,19,0,0
BRDA:210,19,1,0
BRDA:210,19,2,0
BRDA:211,20,0,0
BRDA:211,20,1,0
BRDA:211,21,0,0
BRDA:211,21,1,0
BRDA:212,22,0,0
BRDA:212,22,1,0
BRDA:212,23,0,0
BRDA:212,23,1,0
BRDA:212,23,2,0
BRDA:214,24,0,0
BRDA:214,24,1,0
BRDA:238,25,0,1
BRDA:238,25,1,0
BRDA:240,26,0,1
BRDA:240,26,1,0
BRDA:240,26,2,0
BRDA:248,27,0,0
BRDA:248,27,1,1
BRDA:250,28,0,0
BRDA:250,28,1,1
BRDA:252,29,0,1
BRDA:252,29,1,0
BRDA:254,30,0,1
BRDA:254,30,1,0
BRF:72
BRH:16
end_of_record
TN:
SF:message.service.ts
FN:6,(anonymous_0)
FN:10,(anonymous_1)
FN:14,(anonymous_2)
FNF:3
FNH:3
FNDA:27,(anonymous_0)
FNDA:1,(anonymous_1)
FNDA:1,(anonymous_2)
DA:1,9
DA:6,9
DA:8,27
DA:11,1
DA:15,1
LF:5
LH:5
BRF:0
BRH:0
end_of_record
TN:
SF:board\board.component.html
FNF:0
FNH:0
DA:1,1
LF:1
LH:1
BRF:0
BRH:0
end_of_record
TN:
SF:board\board.component.ts
FN:14,(anonymous_0)
FN:17,(anonymous_1)
FNF:2
FNH:2
FNDA:2,(anonymous_0)
FNDA:1,(anonymous_1)
DA:1,1
DA:2,1
DA:10,1
DA:14,2
DA:18,1
LF:5
LH:5
BRF:0
BRH:0
end_of_record
TN:
SF:cell\cell.component.html
FNF:0
FNH:0
DA:1,1
LF:1
LH:1
BRF:0
BRH:0
end_of_record
TN:
SF:cell\cell.component.ts
FNF:0
FNH:0
DA:1,1
DA:8,1
DA:9,1
LF:3
LH:3
BRF:0
BRH:0
end_of_record
TN:
SF:commands\commands.component.html
FNF:0
FNH:0
DA:1,1
LF:1
LH:1
BRF:0
BRH:0
end_of_record
TN:
SF:commands\commands.component.ts
FN:11,(anonymous_0)
FN:14,(anonymous_1)
FN:17,(anonymous_2)
FN:21,(anonymous_3)
FN:25,(anonymous_4)
FN:29,(anonymous_5)
FNF:6
FNH:6
FNDA:6,(anonymous_0)
FNDA:1,(anonymous_1)
FNDA:1,(anonymous_2)
FNDA:1,(anonymous_3)
FNDA:1,(anonymous_4)
FNDA:1,(anonymous_5)
DA:1,1
DA:2,1
DA:9,1
DA:11,6
DA:18,1
DA:22,1
DA:26,1
DA:30,1
LF:8
LH:8
BRF:0
BRH:0
end_of_record
TN:
SF:game\game.component.html
FNF:0
FNH:0
DA:1,1
LF:1
LH:1
BRF:0
BRH:0
end_of_record
TN:
SF:game\game.component.ts
FN:13,(anonymous_0)
FN:19,(anonymous_1)
FN:22,(anonymous_2)
FN:26,(anonymous_3)
FN:30,(anonymous_4)
FNF:5
FNH:5
FNDA:5,(anonymous_0)
FNDA:1,(anonymous_1)
FNDA:1,(anonymous_2)
FNDA:1,(anonymous_3)
FNDA:1,(anonymous_4)
DA:1,1
DA:2,1
DA:3,1
DA:11,1
DA:13,5
DA:15,5
DA:23,1
DA:27,1
DA:31,1
LF:9
LH:9
BRF:0
BRH:0
end_of_record
TN:
SF:menu\menu.component.html
FNF:0
FNH:0
DA:1,1
LF:1
LH:1
BRF:0
BRH:0
end_of_record
TN:
SF:menu\menu.component.ts
FN:16,(anonymous_0)
FN:19,(anonymous_1)
FN:22,(anonymous_2)
FNF:3
FNH:3
FNDA:3,(anonymous_0)
FNDA:1,(anonymous_1)
FNDA:1,(anonymous_2)
DA:1,1
DA:2,1
DA:3,1
DA:10,1
DA:12,3
DA:13,3
DA:14,3
DA:16,3
DA:24,1
DA:25,1
DA:26,1
DA:27,1
LF:12
LH:12
BRF:0
BRH:0
end_of_record
TN:
SF:messages\messages.component.html
FNF:0
FNH:0
DA:1,1
LF:1
LH:1
BRF:0
BRH:0
end_of_record
TN:
SF:messages\messages.component.ts
FN:11,(anonymous_0)
FN:13,(anonymous_1)
FN:16,(anonymous_2)
FNF:3
FNH:3
FNDA:3,(anonymous_0)
FNDA:1,(anonymous_1)
FNDA:1,(anonymous_2)
DA:1,1
DA:2,1
DA:9,1
DA:11,3
DA:17,1
LF:5
LH:5
BRF:0
BRH:0
end_of_record
TN:
SF:parameters\parameters.component.html
FNF:0
FNH:0
DA:1,1
LF:1
LH:1
BRF:0
BRH:0
end_of_record
TN:
SF:parameters\parameters.component.ts
FN:11,(anonymous_0)
FN:13,(anonymous_1)
FN:19,(anonymous_2)
FN:23,(anonymous_3)
FN:27,(anonymous_4)
FNF:5
FNH:5
FNDA:5,(anonymous_0)
FNDA:1,(anonymous_1)
FNDA:1,(anonymous_2)
FNDA:1,(anonymous_3)
FNDA:1,(anonymous_4)
DA:1,1
DA:2,1
DA:9,1
DA:11,5
DA:15,1
DA:16,1
DA:17,1
DA:20,1
DA:24,1
DA:28,1
LF:10
LH:10
BRF:0
BRH:0
end_of_record
TN:
SF:status\status.component.html
FNF:0
FNH:0
DA:1,1
LF:1
LH:1
BRF:0
BRH:0
end_of_record
TN:
SF:status\status.component.ts
FN:13,(anonymous_0)
FN:15,(anonymous_1)
FN:20,(anonymous_2)
FN:24,(anonymous_3)
FNF:4
FNH:4
FNDA:4,(anonymous_0)
FNDA:1,(anonymous_1)
FNDA:1,(anonymous_2)
FNDA:1,(anonymous_3)
DA:1,1
DA:2,1
DA:11,1
DA:13,4
DA:16,1
DA:17,1
DA:21,1
DA:25,1
LF:8
LH:8
BRF:0
BRH:0
end_of_record
